0 info it worked if it ends with ok
1 verbose cli [ 'node', '/usr/local/bin/npm', 'run', 'push' ]
2 info using npm@1.4.23
3 info using node@v0.10.30
4 verbose run-script [ 'prepush', 'push', 'postpush' ]
5 info prepush Love_Will_Seed@0.0.1
6 info push Love_Will_Seed@0.0.1
7 verbose unsafe-perm in lifecycle true
8 info Love_Will_Seed@0.0.1 Failed to exec push script
9 error Love_Will_Seed@0.0.1 push: `git push origin master && git push backup master`
9 error Exit status 1
10 error Failed at the Love_Will_Seed@0.0.1 push script.
10 error This is most likely a problem with the Love_Will_Seed package,
10 error not with npm itself.
10 error Tell the author that this fails on your system:
10 error     git push origin master && git push backup master
10 error You can get their info via:
10 error     npm owner ls Love_Will_Seed
10 error There is likely additional logging output above.
11 error System Darwin 14.1.0
12 error command "node" "/usr/local/bin/npm" "run" "push"
13 error cwd /Users/lamarwilson/LoveWillApps/Seedlings/simplesend.
14 error node -v v0.10.30
15 error npm -v 1.4.23
16 error code ELIFECYCLE
17 verbose exit [ 1, true ]
